{"uid":"454ce8d5fc5554d3","name":"User is not allowed to enter invalid phone number","fullName":"tests.test_login.TestLogin#test_invalid_phone_number","historyId":"ce62b6e95f8e8da009fe6f309ba4fc9a","time":{"start":1683292863935,"stop":1683292863935,"duration":0},"description":"User is not allowed to enter invalid phone number","descriptionHtml":"<p>User is not allowed to enter invalid phone number</p>\n","status":"broken","statusMessage":"selenium.common.exceptions.TimeoutException: Message: \nStacktrace:\n#0 0x55a67786cfe3 <unknown>\n#1 0x55a6775abd36 <unknown>\n#2 0x55a6775e8c4d <unknown>\n#3 0x55a6775e8d61 <unknown>\n#4 0x55a6776246a4 <unknown>\n#5 0x55a6776098ed <unknown>\n#6 0x55a677622232 <unknown>\n#7 0x55a677609693 <unknown>\n#8 0x55a6775dc03a <unknown>\n#9 0x55a6775dd17e <unknown>\n#10 0x55a67782edbd <unknown>\n#11 0x55a677832c6c <unknown>\n#12 0x55a67783c4b0 <unknown>\n#13 0x55a677833d63 <unknown>\n#14 0x55a677806c35 <unknown>\n#15 0x55a677857138 <unknown>\n#16 0x55a6778572c7 <unknown>\n#17 0x55a677865093 <unknown>\n#18 0x7f9a23e67b43 <unknown>","statusTrace":"request = <SubRequest 'setup' for <Function test_invalid_phone_number>>\n\n    @pytest.fixture(scope=\"function\")\n    def setup(request:pytest.FixtureRequest):\n        browser=request.config.getoption(\"--browser\")\n        if(browser in(\"chrome\",\"chrome_headless\")):\n            chrome_options = webdriver.ChromeOptions()\n            chrome_options.set_capability(\n                    \"goog:loggingPrefs\", {\"performance\": \"ALL\", \"browser\": \"ALL\"}\n                )\n            chrome_options.add_argument(\"disable-dev-shm-usage\")\n            chrome_options.add_argument(\"no-sandbox\")\n            chrome_options.add_argument(\"allow-file-access-from-files\")\n            chrome_options.add_argument(\"use-fake-device-for-media-stream\")\n            chrome_options.add_argument(\"use-fake-ui-for-media-stream\")\n    \n        match browser:\n            case \"chrome\":\n                driver = webdriver.Chrome(service=ChromeService(ChromeDriverManager().install()),options=chrome_options)\n            case \"chrome_headless\":\n                chrome_options.add_argument(\"headless=new\")\n                driver = webdriver.Chrome(service=ChromeService(ChromeDriverManager().install()),options=chrome_options)\n            case \"firefox\":\n                driver = webdriver.Firefox(service=FirefoxService(GeckoDriverManager().install()))\n        driver.get(\"https://sporty.com/news/latest\")\n        # make sure the page is loaded\n        wait= WebDriverWait(driver,30)\n>       wait.until(expected_conditions.visibility_of_element_located(((By.XPATH,\"//*[contains(text(),'Customise your')]\"))))\n\ntests/conftest.py:48: \n_ _ _ _ _ _ _ _ _ _ _ _ _ _ _ _ _ _ _ _ _ _ _ _ _ _ _ _ _ _ _ _ _ _ _ _ _ _ _ _ \n\nself = <selenium.webdriver.support.wait.WebDriverWait (session=\"3d53a901b654a46311d2fbee65b06d81\")>\nmethod = <function visibility_of_element_located.<locals>._predicate at 0x7fecd1969c60>\nmessage = ''\n\n    def until(self, method, message: str = \"\"):\n        \"\"\"Calls the method provided with the driver as an argument until the \\\n        return value does not evaluate to ``False``.\n    \n        :param method: callable(WebDriver)\n        :param message: optional message for :exc:`TimeoutException`\n        :returns: the result of the last call to `method`\n        :raises: :exc:`selenium.common.exceptions.TimeoutException` if timeout occurs\n        \"\"\"\n        screen = None\n        stacktrace = None\n    \n        end_time = time.monotonic() + self._timeout\n        while True:\n            try:\n                value = method(self._driver)\n                if value:\n                    return value\n            except self._ignored_exceptions as exc:\n                screen = getattr(exc, \"screen\", None)\n                stacktrace = getattr(exc, \"stacktrace\", None)\n            time.sleep(self._poll)\n            if time.monotonic() > end_time:\n                break\n>       raise TimeoutException(message, screen, stacktrace)\nE       selenium.common.exceptions.TimeoutException: Message: \nE       Stacktrace:\nE       #0 0x55a67786cfe3 <unknown>\nE       #1 0x55a6775abd36 <unknown>\nE       #2 0x55a6775e8c4d <unknown>\nE       #3 0x55a6775e8d61 <unknown>\nE       #4 0x55a6776246a4 <unknown>\nE       #5 0x55a6776098ed <unknown>\nE       #6 0x55a677622232 <unknown>\nE       #7 0x55a677609693 <unknown>\nE       #8 0x55a6775dc03a <unknown>\nE       #9 0x55a6775dd17e <unknown>\nE       #10 0x55a67782edbd <unknown>\nE       #11 0x55a677832c6c <unknown>\nE       #12 0x55a67783c4b0 <unknown>\nE       #13 0x55a677833d63 <unknown>\nE       #14 0x55a677806c35 <unknown>\nE       #15 0x55a677857138 <unknown>\nE       #16 0x55a6778572c7 <unknown>\nE       #17 0x55a677865093 <unknown>\nE       #18 0x7f9a23e67b43 <unknown>\n\n/opt/hostedtoolcache/Python/3.10.11/x64/lib/python3.10/site-packages/selenium/webdriver/support/wait.py:95: TimeoutException","flaky":false,"newFailed":false,"newBroken":false,"newPassed":false,"retriesCount":0,"retriesStatusChange":false,"beforeStages":[{"name":"attach_artifacts_on_failure","time":{"start":1683292863936,"stop":1683292863936,"duration":0},"status":"passed","steps":[],"attachments":[],"parameters":[],"stepsCount":0,"attachmentsCount":0,"shouldDisplayMessage":false,"hasContent":false},{"name":"setup","time":{"start":1683292863936,"stop":1683292937678,"duration":73742},"status":"broken","statusMessage":"selenium.common.exceptions.TimeoutException: Message: \nStacktrace:\n#0 0x55a67786cfe3 <unknown>\n#1 0x55a6775abd36 <unknown>\n#2 0x55a6775e8c4d <unknown>\n#3 0x55a6775e8d61 <unknown>\n#4 0x55a6776246a4 <unknown>\n#5 0x55a6776098ed <unknown>\n#6 0x55a677622232 <unknown>\n#7 0x55a677609693 <unknown>\n#8 0x55a6775dc03a <unknown>\n#9 0x55a6775dd17e <unknown>\n#10 0x55a67782edbd <unknown>\n#11 0x55a677832c6c <unknown>\n#12 0x55a67783c4b0 <unknown>\n#13 0x55a677833d63 <unknown>\n#14 0x55a677806c35 <unknown>\n#15 0x55a677857138 <unknown>\n#16 0x55a6778572c7 <unknown>\n#17 0x55a677865093 <unknown>\n#18 0x7f9a23e67b43 <unknown>\n\n","statusTrace":"  File \"/opt/hostedtoolcache/Python/3.10.11/x64/lib/python3.10/site-packages/pluggy/_callers.py\", line 39, in _multicall\n    res = hook_impl.function(*args)\n  File \"/opt/hostedtoolcache/Python/3.10.11/x64/lib/python3.10/site-packages/_pytest/fixtures.py\", line 1130, in pytest_fixture_setup\n    result = call_fixture_func(fixturefunc, request, kwargs)\n  File \"/opt/hostedtoolcache/Python/3.10.11/x64/lib/python3.10/site-packages/_pytest/fixtures.py\", line 902, in call_fixture_func\n    fixture_result = next(generator)\n  File \"/home/runner/work/selenium-python/selenium-python/tests/conftest.py\", line 48, in setup\n    wait.until(expected_conditions.visibility_of_element_located(((By.XPATH,\"//*[contains(text(),'Customise your')]\"))))\n  File \"/opt/hostedtoolcache/Python/3.10.11/x64/lib/python3.10/site-packages/selenium/webdriver/support/wait.py\", line 95, in until\n    raise TimeoutException(message, screen, stacktrace)\n","steps":[],"attachments":[],"parameters":[],"stepsCount":0,"attachmentsCount":0,"shouldDisplayMessage":true,"hasContent":true}],"testStage":{"description":"User is not allowed to enter invalid phone number","status":"broken","statusMessage":"selenium.common.exceptions.TimeoutException: Message: \nStacktrace:\n#0 0x55a67786cfe3 <unknown>\n#1 0x55a6775abd36 <unknown>\n#2 0x55a6775e8c4d <unknown>\n#3 0x55a6775e8d61 <unknown>\n#4 0x55a6776246a4 <unknown>\n#5 0x55a6776098ed <unknown>\n#6 0x55a677622232 <unknown>\n#7 0x55a677609693 <unknown>\n#8 0x55a6775dc03a <unknown>\n#9 0x55a6775dd17e <unknown>\n#10 0x55a67782edbd <unknown>\n#11 0x55a677832c6c <unknown>\n#12 0x55a67783c4b0 <unknown>\n#13 0x55a677833d63 <unknown>\n#14 0x55a677806c35 <unknown>\n#15 0x55a677857138 <unknown>\n#16 0x55a6778572c7 <unknown>\n#17 0x55a677865093 <unknown>\n#18 0x7f9a23e67b43 <unknown>","statusTrace":"request = <SubRequest 'setup' for <Function test_invalid_phone_number>>\n\n    @pytest.fixture(scope=\"function\")\n    def setup(request:pytest.FixtureRequest):\n        browser=request.config.getoption(\"--browser\")\n        if(browser in(\"chrome\",\"chrome_headless\")):\n            chrome_options = webdriver.ChromeOptions()\n            chrome_options.set_capability(\n                    \"goog:loggingPrefs\", {\"performance\": \"ALL\", \"browser\": \"ALL\"}\n                )\n            chrome_options.add_argument(\"disable-dev-shm-usage\")\n            chrome_options.add_argument(\"no-sandbox\")\n            chrome_options.add_argument(\"allow-file-access-from-files\")\n            chrome_options.add_argument(\"use-fake-device-for-media-stream\")\n            chrome_options.add_argument(\"use-fake-ui-for-media-stream\")\n    \n        match browser:\n            case \"chrome\":\n                driver = webdriver.Chrome(service=ChromeService(ChromeDriverManager().install()),options=chrome_options)\n            case \"chrome_headless\":\n                chrome_options.add_argument(\"headless=new\")\n                driver = webdriver.Chrome(service=ChromeService(ChromeDriverManager().install()),options=chrome_options)\n            case \"firefox\":\n                driver = webdriver.Firefox(service=FirefoxService(GeckoDriverManager().install()))\n        driver.get(\"https://sporty.com/news/latest\")\n        # make sure the page is loaded\n        wait= WebDriverWait(driver,30)\n>       wait.until(expected_conditions.visibility_of_element_located(((By.XPATH,\"//*[contains(text(),'Customise your')]\"))))\n\ntests/conftest.py:48: \n_ _ _ _ _ _ _ _ _ _ _ _ _ _ _ _ _ _ _ _ _ _ _ _ _ _ _ _ _ _ _ _ _ _ _ _ _ _ _ _ \n\nself = <selenium.webdriver.support.wait.WebDriverWait (session=\"3d53a901b654a46311d2fbee65b06d81\")>\nmethod = <function visibility_of_element_located.<locals>._predicate at 0x7fecd1969c60>\nmessage = ''\n\n    def until(self, method, message: str = \"\"):\n        \"\"\"Calls the method provided with the driver as an argument until the \\\n        return value does not evaluate to ``False``.\n    \n        :param method: callable(WebDriver)\n        :param message: optional message for :exc:`TimeoutException`\n        :returns: the result of the last call to `method`\n        :raises: :exc:`selenium.common.exceptions.TimeoutException` if timeout occurs\n        \"\"\"\n        screen = None\n        stacktrace = None\n    \n        end_time = time.monotonic() + self._timeout\n        while True:\n            try:\n                value = method(self._driver)\n                if value:\n                    return value\n            except self._ignored_exceptions as exc:\n                screen = getattr(exc, \"screen\", None)\n                stacktrace = getattr(exc, \"stacktrace\", None)\n            time.sleep(self._poll)\n            if time.monotonic() > end_time:\n                break\n>       raise TimeoutException(message, screen, stacktrace)\nE       selenium.common.exceptions.TimeoutException: Message: \nE       Stacktrace:\nE       #0 0x55a67786cfe3 <unknown>\nE       #1 0x55a6775abd36 <unknown>\nE       #2 0x55a6775e8c4d <unknown>\nE       #3 0x55a6775e8d61 <unknown>\nE       #4 0x55a6776246a4 <unknown>\nE       #5 0x55a6776098ed <unknown>\nE       #6 0x55a677622232 <unknown>\nE       #7 0x55a677609693 <unknown>\nE       #8 0x55a6775dc03a <unknown>\nE       #9 0x55a6775dd17e <unknown>\nE       #10 0x55a67782edbd <unknown>\nE       #11 0x55a677832c6c <unknown>\nE       #12 0x55a67783c4b0 <unknown>\nE       #13 0x55a677833d63 <unknown>\nE       #14 0x55a677806c35 <unknown>\nE       #15 0x55a677857138 <unknown>\nE       #16 0x55a6778572c7 <unknown>\nE       #17 0x55a677865093 <unknown>\nE       #18 0x7f9a23e67b43 <unknown>\n\n/opt/hostedtoolcache/Python/3.10.11/x64/lib/python3.10/site-packages/selenium/webdriver/support/wait.py:95: TimeoutException","steps":[],"attachments":[{"uid":"341cf2f598f751","name":"stderr","source":"341cf2f598f751.txt","type":"text/plain","size":159}],"parameters":[],"stepsCount":0,"attachmentsCount":1,"shouldDisplayMessage":true,"hasContent":true},"afterStages":[{"name":"attach_artifacts_on_failure::0","time":{"start":1683292937748,"stop":1683292937748,"duration":0},"status":"broken","statusMessage":"AttributeError: type object 'TestLogin' has no attribute 'driver'\n","statusTrace":"  File \"/opt/hostedtoolcache/Python/3.10.11/x64/lib/python3.10/site-packages/allure_commons/_allure.py\", line 221, in __call__\n    return self._fixture_function(*args, **kwargs)\n  File \"/opt/hostedtoolcache/Python/3.10.11/x64/lib/python3.10/site-packages/_pytest/fixtures.py\", line 918, in _teardown_yield_fixture\n    next(it)\n  File \"/home/runner/work/selenium-python/selenium-python/tests/conftest.py\", line 61, in attach_artifacts_on_failure\n    \"Browser\": request.cls.driver.name,\n","steps":[],"attachments":[],"parameters":[],"stepsCount":0,"attachmentsCount":0,"shouldDisplayMessage":true,"hasContent":true}],"labels":[{"name":"epic","value":"Login functionality"},{"name":"story","value":"Login functionality"},{"name":"tag","value":"@pytest.mark.usefixtures('setup')"},{"name":"parentSuite","value":"tests"},{"name":"suite","value":"test_login"},{"name":"subSuite","value":"TestLogin"},{"name":"host","value":"fv-az565-6"},{"name":"thread","value":"2156-MainThread"},{"name":"framework","value":"pytest"},{"name":"language","value":"cpython3"},{"name":"package","value":"tests.test_login"},{"name":"resultFormat","value":"allure2"}],"parameters":[],"links":[],"hidden":false,"retry":false,"extra":{"severity":"normal","retries":[],"categories":[{"name":"Test defects","matchedStatuses":[],"flaky":false}],"tags":["@pytest.mark.usefixtures('setup')"]},"source":"454ce8d5fc5554d3.json","parameterValues":[]}