{"uid":"73c18716ac44531f","name":"User is able to login,this should fail","fullName":"tests.test_login.TestLogin#test_user_login","historyId":"156d8f497cfb2d6c2f80e1b63e77e862","time":{"start":1683293991792,"stop":1683294022929,"duration":31137},"description":"User is able to login","descriptionHtml":"<p>User is able to login</p>\n","status":"broken","statusMessage":"selenium.common.exceptions.TimeoutException: Message:","statusTrace":"self = <tests.test_login.TestLogin object at 0x7fbc26838280>\n\n    @allure.description(\"User is able to login\")\n    @allure.title(\"User is able to login,this should fail\")\n    def test_user_login(self):\n>          self.login_page.login_existing_user(\"01116888790\",\"test\",\"alyaothman\")\n\ntests/test_login.py:31: \n_ _ _ _ _ _ _ _ _ _ _ _ _ _ _ _ _ _ _ _ _ _ _ _ _ _ _ _ _ _ _ _ _ _ _ _ _ _ _ _ \npages/login_page.py:49: in login_existing_user\n    self.fill_password(password)\npages/login_page.py:38: in fill_password\n    self.fill_text(self.PASSWORD,password)\npages/base_page.py:23: in fill_text\n    element: WebElement = self.wait.until(expected_conditions.visibility_of_element_located(locator))\n_ _ _ _ _ _ _ _ _ _ _ _ _ _ _ _ _ _ _ _ _ _ _ _ _ _ _ _ _ _ _ _ _ _ _ _ _ _ _ _ \n\nself = <selenium.webdriver.support.wait.WebDriverWait (session=\"4425d6cc3ab83e44b38ad6c8e84d41ac\")>\nmethod = <function visibility_of_element_located.<locals>._predicate at 0x7fbc249c71c0>\nmessage = ''\n\n    def until(self, method, message: str = \"\"):\n        \"\"\"Calls the method provided with the driver as an argument until the \\\n        return value does not evaluate to ``False``.\n    \n        :param method: callable(WebDriver)\n        :param message: optional message for :exc:`TimeoutException`\n        :returns: the result of the last call to `method`\n        :raises: :exc:`selenium.common.exceptions.TimeoutException` if timeout occurs\n        \"\"\"\n        screen = None\n        stacktrace = None\n    \n        end_time = time.monotonic() + self._timeout\n        while True:\n            try:\n                value = method(self._driver)\n                if value:\n                    return value\n            except self._ignored_exceptions as exc:\n                screen = getattr(exc, \"screen\", None)\n                stacktrace = getattr(exc, \"stacktrace\", None)\n            time.sleep(self._poll)\n            if time.monotonic() > end_time:\n                break\n>       raise TimeoutException(message, screen, stacktrace)\nE       selenium.common.exceptions.TimeoutException: Message:\n\n/opt/hostedtoolcache/Python/3.10.11/x64/lib/python3.10/site-packages/selenium/webdriver/support/wait.py:95: TimeoutException","flaky":false,"newFailed":false,"newBroken":false,"newPassed":false,"retriesCount":0,"retriesStatusChange":false,"beforeStages":[{"name":"attach_artifacts_on_failure","time":{"start":1683293988807,"stop":1683293988807,"duration":0},"status":"passed","steps":[],"attachments":[],"parameters":[],"attachmentsCount":0,"shouldDisplayMessage":false,"hasContent":false,"stepsCount":0},{"name":"setup","time":{"start":1683293988808,"stop":1683293991792,"duration":2984},"status":"passed","steps":[],"attachments":[],"parameters":[],"attachmentsCount":0,"shouldDisplayMessage":false,"hasContent":false,"stepsCount":0}],"testStage":{"description":"User is able to login","status":"broken","statusMessage":"selenium.common.exceptions.TimeoutException: Message:","statusTrace":"self = <tests.test_login.TestLogin object at 0x7fbc26838280>\n\n    @allure.description(\"User is able to login\")\n    @allure.title(\"User is able to login,this should fail\")\n    def test_user_login(self):\n>          self.login_page.login_existing_user(\"01116888790\",\"test\",\"alyaothman\")\n\ntests/test_login.py:31: \n_ _ _ _ _ _ _ _ _ _ _ _ _ _ _ _ _ _ _ _ _ _ _ _ _ _ _ _ _ _ _ _ _ _ _ _ _ _ _ _ \npages/login_page.py:49: in login_existing_user\n    self.fill_password(password)\npages/login_page.py:38: in fill_password\n    self.fill_text(self.PASSWORD,password)\npages/base_page.py:23: in fill_text\n    element: WebElement = self.wait.until(expected_conditions.visibility_of_element_located(locator))\n_ _ _ _ _ _ _ _ _ _ _ _ _ _ _ _ _ _ _ _ _ _ _ _ _ _ _ _ _ _ _ _ _ _ _ _ _ _ _ _ \n\nself = <selenium.webdriver.support.wait.WebDriverWait (session=\"4425d6cc3ab83e44b38ad6c8e84d41ac\")>\nmethod = <function visibility_of_element_located.<locals>._predicate at 0x7fbc249c71c0>\nmessage = ''\n\n    def until(self, method, message: str = \"\"):\n        \"\"\"Calls the method provided with the driver as an argument until the \\\n        return value does not evaluate to ``False``.\n    \n        :param method: callable(WebDriver)\n        :param message: optional message for :exc:`TimeoutException`\n        :returns: the result of the last call to `method`\n        :raises: :exc:`selenium.common.exceptions.TimeoutException` if timeout occurs\n        \"\"\"\n        screen = None\n        stacktrace = None\n    \n        end_time = time.monotonic() + self._timeout\n        while True:\n            try:\n                value = method(self._driver)\n                if value:\n                    return value\n            except self._ignored_exceptions as exc:\n                screen = getattr(exc, \"screen\", None)\n                stacktrace = getattr(exc, \"stacktrace\", None)\n            time.sleep(self._poll)\n            if time.monotonic() > end_time:\n                break\n>       raise TimeoutException(message, screen, stacktrace)\nE       selenium.common.exceptions.TimeoutException: Message:\n\n/opt/hostedtoolcache/Python/3.10.11/x64/lib/python3.10/site-packages/selenium/webdriver/support/wait.py:95: TimeoutException","steps":[{"name":"User logs in","time":{"start":1683293991793,"stop":1683294022928,"duration":31135},"status":"broken","statusMessage":"selenium.common.exceptions.TimeoutException: Message: \n\n","statusTrace":"  File \"/opt/hostedtoolcache/Python/3.10.11/x64/lib/python3.10/site-packages/allure_commons/_allure.py\", line 192, in impl\n    return func(*a, **kw)\n  File \"/home/runner/work/selenium-python/selenium-python/pages/login_page.py\", line 49, in login_existing_user\n    self.fill_password(password)\n  File \"/opt/hostedtoolcache/Python/3.10.11/x64/lib/python3.10/site-packages/allure_commons/_allure.py\", line 192, in impl\n    return func(*a, **kw)\n  File \"/home/runner/work/selenium-python/selenium-python/pages/login_page.py\", line 38, in fill_password\n    self.fill_text(self.PASSWORD,password)\n  File \"/home/runner/work/selenium-python/selenium-python/pages/base_page.py\", line 23, in fill_text\n    element: WebElement = self.wait.until(expected_conditions.visibility_of_element_located(locator))\n  File \"/opt/hostedtoolcache/Python/3.10.11/x64/lib/python3.10/site-packages/selenium/webdriver/support/wait.py\", line 95, in until\n    raise TimeoutException(message, screen, stacktrace)\n","steps":[{"name":"User clicks login icon in nav bar","time":{"start":1683293991793,"stop":1683293991960,"duration":167},"status":"passed","steps":[],"attachments":[],"parameters":[],"attachmentsCount":0,"shouldDisplayMessage":false,"hasContent":false,"stepsCount":0},{"name":"Fill phone number","time":{"start":1683293991961,"stop":1683293992723,"duration":762},"status":"passed","steps":[],"attachments":[],"parameters":[{"name":"phone_number","value":"'01116888790'"}],"attachmentsCount":0,"shouldDisplayMessage":false,"hasContent":true,"stepsCount":0},{"name":"User clicks start exploring","time":{"start":1683293992723,"stop":1683293992850,"duration":127},"status":"passed","steps":[],"attachments":[],"parameters":[],"attachmentsCount":0,"shouldDisplayMessage":false,"hasContent":false,"stepsCount":0},{"name":"User fill password","time":{"start":1683293992851,"stop":1683294022928,"duration":30077},"status":"broken","statusMessage":"selenium.common.exceptions.TimeoutException: Message: \n\n","statusTrace":"  File \"/opt/hostedtoolcache/Python/3.10.11/x64/lib/python3.10/site-packages/allure_commons/_allure.py\", line 192, in impl\n    return func(*a, **kw)\n  File \"/home/runner/work/selenium-python/selenium-python/pages/login_page.py\", line 38, in fill_password\n    self.fill_text(self.PASSWORD,password)\n  File \"/home/runner/work/selenium-python/selenium-python/pages/base_page.py\", line 23, in fill_text\n    element: WebElement = self.wait.until(expected_conditions.visibility_of_element_located(locator))\n  File \"/opt/hostedtoolcache/Python/3.10.11/x64/lib/python3.10/site-packages/selenium/webdriver/support/wait.py\", line 95, in until\n    raise TimeoutException(message, screen, stacktrace)\n","steps":[],"attachments":[],"parameters":[{"name":"password","value":"'test'"}],"attachmentsCount":0,"shouldDisplayMessage":true,"hasContent":true,"stepsCount":0}],"attachments":[],"parameters":[{"name":"phone_number","value":"'01116888790'"},{"name":"password","value":"'test'"},{"name":"username","value":"'alyaothman'"}],"attachmentsCount":0,"shouldDisplayMessage":false,"hasContent":true,"stepsCount":4}],"attachments":[{"uid":"10c5fca2b967ebc5","name":"log","source":"10c5fca2b967ebc5.txt","type":"text/plain","size":1094}],"parameters":[],"attachmentsCount":1,"shouldDisplayMessage":true,"hasContent":true,"stepsCount":5},"afterStages":[{"name":"attach_artifacts_on_failure::0","time":{"start":1683294022943,"stop":1683294023129,"duration":186},"status":"passed","steps":[],"attachments":[{"uid":"5adc0a666067220b","name":"Console Logs","source":"5adc0a666067220b.json","type":"application/json","size":246},{"uid":"5cfdc3d4ae0b6359","name":"Screenshot","source":"5cfdc3d4ae0b6359.png","type":"image/png","size":159602}],"parameters":[],"attachmentsCount":2,"shouldDisplayMessage":false,"hasContent":true,"stepsCount":0},{"name":"setup::0","time":{"start":1683294022943,"stop":1683294022943,"duration":0},"status":"passed","steps":[],"attachments":[],"parameters":[],"attachmentsCount":0,"shouldDisplayMessage":false,"hasContent":false,"stepsCount":0}],"labels":[{"name":"epic","value":"Login functionality"},{"name":"story","value":"Login functionality"},{"name":"tag","value":"@pytest.mark.usefixtures('setup')"},{"name":"parentSuite","value":"tests"},{"name":"suite","value":"test_login"},{"name":"subSuite","value":"TestLogin"},{"name":"host","value":"fv-az548-835"},{"name":"thread","value":"2186-MainThread"},{"name":"framework","value":"pytest"},{"name":"language","value":"cpython3"},{"name":"package","value":"tests.test_login"},{"name":"resultFormat","value":"allure2"}],"parameters":[],"links":[],"hidden":true,"retry":true,"extra":{"categories":[],"tags":["@pytest.mark.usefixtures('setup')"]},"source":"73c18716ac44531f.json","parameterValues":[]}