{"uid":"ab6c52128fb8bf1e","name":"User is able to login,this should fail","fullName":"tests.test_login.TestLogin#test_user_login","historyId":"88abe5aa9c6c37e78b845a216ec154ba","time":{"start":1683490643156,"stop":1683490675429,"duration":32273},"description":"User is able to login","descriptionHtml":"<p>User is able to login</p>\n","status":"broken","statusMessage":"selenium.common.exceptions.TimeoutException: Message:","statusTrace":"self = <tests.test_login.TestLogin object at 0x7f065994a610>\n\n    @allure.description(\"User is able to login\")\n    @allure.title(\"User is able to login,this should fail\")\n    def test_user_login(self):\n>       self.login_page.login_existing_user(\n            \"01116888790\", \"test\", \"alyaothman\")\n\ntests/test_login.py:35: \n_ _ _ _ _ _ _ _ _ _ _ _ _ _ _ _ _ _ _ _ _ _ _ _ _ _ _ _ _ _ _ _ _ _ _ _ _ _ _ _ \npages/login_page.py:54: in login_existing_user\n    self.fill_password(password)\npages/login_page.py:43: in fill_password\n    self.fill_text(self.PASSWORD, password)\npages/base_page.py:26: in fill_text\n    element: WebElement = self.wait.until(\n_ _ _ _ _ _ _ _ _ _ _ _ _ _ _ _ _ _ _ _ _ _ _ _ _ _ _ _ _ _ _ _ _ _ _ _ _ _ _ _ \n\nself = <selenium.webdriver.support.wait.WebDriverWait (session=\"0dd54da4-e251-491a-8c56-4a7318713968\")>\nmethod = <function visibility_of_element_located.<locals>._predicate at 0x7f065884c540>\nmessage = ''\n\n    def until(self, method, message: str = \"\"):\n        \"\"\"Calls the method provided with the driver as an argument until the \\\n        return value does not evaluate to ``False``.\n    \n        :param method: callable(WebDriver)\n        :param message: optional message for :exc:`TimeoutException`\n        :returns: the result of the last call to `method`\n        :raises: :exc:`selenium.common.exceptions.TimeoutException` if timeout occurs\n        \"\"\"\n        screen = None\n        stacktrace = None\n    \n        end_time = time.monotonic() + self._timeout\n        while True:\n            try:\n                value = method(self._driver)\n                if value:\n                    return value\n            except self._ignored_exceptions as exc:\n                screen = getattr(exc, \"screen\", None)\n                stacktrace = getattr(exc, \"stacktrace\", None)\n            time.sleep(self._poll)\n            if time.monotonic() > end_time:\n                break\n>       raise TimeoutException(message, screen, stacktrace)\nE       selenium.common.exceptions.TimeoutException: Message:\n\n../../../.local/share/virtualenvs/selenium-python-tOOKI_rJ/lib/python3.11/site-packages/selenium/webdriver/support/wait.py:95: TimeoutException","flaky":false,"newFailed":false,"newBroken":false,"newPassed":false,"retriesCount":1,"retriesStatusChange":false,"beforeStages":[{"name":"setup","time":{"start":1683490639049,"stop":1683490643156,"duration":4107},"status":"passed","steps":[],"attachments":[],"parameters":[],"stepsCount":0,"attachmentsCount":0,"shouldDisplayMessage":false,"hasContent":false}],"testStage":{"description":"User is able to login","status":"broken","statusMessage":"selenium.common.exceptions.TimeoutException: Message:","statusTrace":"self = <tests.test_login.TestLogin object at 0x7f065994a610>\n\n    @allure.description(\"User is able to login\")\n    @allure.title(\"User is able to login,this should fail\")\n    def test_user_login(self):\n>       self.login_page.login_existing_user(\n            \"01116888790\", \"test\", \"alyaothman\")\n\ntests/test_login.py:35: \n_ _ _ _ _ _ _ _ _ _ _ _ _ _ _ _ _ _ _ _ _ _ _ _ _ _ _ _ _ _ _ _ _ _ _ _ _ _ _ _ \npages/login_page.py:54: in login_existing_user\n    self.fill_password(password)\npages/login_page.py:43: in fill_password\n    self.fill_text(self.PASSWORD, password)\npages/base_page.py:26: in fill_text\n    element: WebElement = self.wait.until(\n_ _ _ _ _ _ _ _ _ _ _ _ _ _ _ _ _ _ _ _ _ _ _ _ _ _ _ _ _ _ _ _ _ _ _ _ _ _ _ _ \n\nself = <selenium.webdriver.support.wait.WebDriverWait (session=\"0dd54da4-e251-491a-8c56-4a7318713968\")>\nmethod = <function visibility_of_element_located.<locals>._predicate at 0x7f065884c540>\nmessage = ''\n\n    def until(self, method, message: str = \"\"):\n        \"\"\"Calls the method provided with the driver as an argument until the \\\n        return value does not evaluate to ``False``.\n    \n        :param method: callable(WebDriver)\n        :param message: optional message for :exc:`TimeoutException`\n        :returns: the result of the last call to `method`\n        :raises: :exc:`selenium.common.exceptions.TimeoutException` if timeout occurs\n        \"\"\"\n        screen = None\n        stacktrace = None\n    \n        end_time = time.monotonic() + self._timeout\n        while True:\n            try:\n                value = method(self._driver)\n                if value:\n                    return value\n            except self._ignored_exceptions as exc:\n                screen = getattr(exc, \"screen\", None)\n                stacktrace = getattr(exc, \"stacktrace\", None)\n            time.sleep(self._poll)\n            if time.monotonic() > end_time:\n                break\n>       raise TimeoutException(message, screen, stacktrace)\nE       selenium.common.exceptions.TimeoutException: Message:\n\n../../../.local/share/virtualenvs/selenium-python-tOOKI_rJ/lib/python3.11/site-packages/selenium/webdriver/support/wait.py:95: TimeoutException","steps":[{"name":"User logs in","time":{"start":1683490643156,"stop":1683490675428,"duration":32272},"status":"broken","statusMessage":"selenium.common.exceptions.TimeoutException: Message: \n\n","statusTrace":"  File \"/home/runner/.local/share/virtualenvs/selenium-python-tOOKI_rJ/lib/python3.11/site-packages/allure_commons/_allure.py\", line 192, in impl\n    return func(*a, **kw)\n           ^^^^^^^^^^^^^^\n  File \"/home/runner/work/selenium-python/selenium-python/pages/login_page.py\", line 54, in login_existing_user\n    self.fill_password(password)\n  File \"/home/runner/.local/share/virtualenvs/selenium-python-tOOKI_rJ/lib/python3.11/site-packages/allure_commons/_allure.py\", line 192, in impl\n    return func(*a, **kw)\n           ^^^^^^^^^^^^^^\n  File \"/home/runner/work/selenium-python/selenium-python/pages/login_page.py\", line 43, in fill_password\n    self.fill_text(self.PASSWORD, password)\n  File \"/home/runner/work/selenium-python/selenium-python/pages/base_page.py\", line 26, in fill_text\n    element: WebElement = self.wait.until(\n                          ^^^^^^^^^^^^^^^^\n  File \"/home/runner/.local/share/virtualenvs/selenium-python-tOOKI_rJ/lib/python3.11/site-packages/selenium/webdriver/support/wait.py\", line 95, in until\n    raise TimeoutException(message, screen, stacktrace)\n","steps":[{"name":"User clicks login icon in nav bar","time":{"start":1683490643156,"stop":1683490643819,"duration":663},"status":"passed","steps":[],"attachments":[],"parameters":[],"stepsCount":0,"attachmentsCount":0,"shouldDisplayMessage":false,"hasContent":false},{"name":"Fill phone number","time":{"start":1683490643819,"stop":1683490644723,"duration":904},"status":"passed","steps":[],"attachments":[],"parameters":[{"name":"phone_number","value":"'01116888790'"}],"stepsCount":0,"attachmentsCount":0,"shouldDisplayMessage":false,"hasContent":true},{"name":"User clicks start exploring","time":{"start":1683490644724,"stop":1683490645050,"duration":326},"status":"passed","steps":[],"attachments":[],"parameters":[],"stepsCount":0,"attachmentsCount":0,"shouldDisplayMessage":false,"hasContent":false},{"name":"User fill password","time":{"start":1683490645050,"stop":1683490675428,"duration":30378},"status":"broken","statusMessage":"selenium.common.exceptions.TimeoutException: Message: \n\n","statusTrace":"  File \"/home/runner/.local/share/virtualenvs/selenium-python-tOOKI_rJ/lib/python3.11/site-packages/allure_commons/_allure.py\", line 192, in impl\n    return func(*a, **kw)\n           ^^^^^^^^^^^^^^\n  File \"/home/runner/work/selenium-python/selenium-python/pages/login_page.py\", line 43, in fill_password\n    self.fill_text(self.PASSWORD, password)\n  File \"/home/runner/work/selenium-python/selenium-python/pages/base_page.py\", line 26, in fill_text\n    element: WebElement = self.wait.until(\n                          ^^^^^^^^^^^^^^^^\n  File \"/home/runner/.local/share/virtualenvs/selenium-python-tOOKI_rJ/lib/python3.11/site-packages/selenium/webdriver/support/wait.py\", line 95, in until\n    raise TimeoutException(message, screen, stacktrace)\n","steps":[],"attachments":[],"parameters":[{"name":"password","value":"'test'"}],"stepsCount":0,"attachmentsCount":0,"shouldDisplayMessage":true,"hasContent":true}],"attachments":[],"parameters":[{"name":"phone_number","value":"'01116888790'"},{"name":"password","value":"'test'"},{"name":"username","value":"'alyaothman'"}],"stepsCount":4,"attachmentsCount":0,"shouldDisplayMessage":false,"hasContent":true}],"attachments":[],"parameters":[],"stepsCount":5,"attachmentsCount":0,"shouldDisplayMessage":true,"hasContent":true},"afterStages":[{"name":"setup::0","time":{"start":1683490675437,"stop":1683490676106,"duration":669},"status":"passed","steps":[],"attachments":[{"uid":"4ce0b69c55869602","name":"Screenshot","source":"4ce0b69c55869602.png","type":"image/png","size":104850}],"parameters":[],"stepsCount":0,"attachmentsCount":1,"shouldDisplayMessage":false,"hasContent":true}],"labels":[{"name":"tag","value":"firefox"},{"name":"story","value":"Login functionality"},{"name":"tag","value":"@pytest.mark.usefixtures('setup')"},{"name":"parentSuite","value":"tests"},{"name":"suite","value":"test_login"},{"name":"subSuite","value":"TestLogin"},{"name":"host","value":"fv-az955-981"},{"name":"thread","value":"1779-MainThread"},{"name":"framework","value":"pytest"},{"name":"language","value":"cpython3"},{"name":"package","value":"tests.test_login"},{"name":"resultFormat","value":"allure2"}],"parameters":[{"name":"browser","value":"'firefox'"}],"links":[],"hidden":false,"retry":false,"extra":{"severity":"normal","retries":[{"uid":"846edea580af63c","status":"broken","statusDetails":"selenium.common.exceptions.TimeoutException: Message:","time":{"start":1683490606184,"stop":1683490638314,"duration":32130}}],"categories":[{"name":"Test defects","matchedStatuses":[],"flaky":false}],"history":{"statistic":{"failed":0,"broken":3,"skipped":0,"passed":0,"unknown":0,"total":3},"items":[{"uid":"e8011c350415274b","reportUrl":"https://alyaothman14.github.io/selenium-python/selenium/50//#testresult/e8011c350415274b","status":"broken","statusDetails":"selenium.common.exceptions.TimeoutException: Message:","time":{"start":1683490374276,"stop":1683490405946,"duration":31670}},{"uid":"8f3b1cd773ed6715","reportUrl":"https://alyaothman14.github.io/selenium-python/selenium/49//#testresult/8f3b1cd773ed6715","status":"broken","statusDetails":"selenium.common.exceptions.TimeoutException: Message:","time":{"start":1683489942335,"stop":1683489974286,"duration":31951}}]},"tags":["firefox","@pytest.mark.usefixtures('setup')"]},"source":"ab6c52128fb8bf1e.json","parameterValues":["'firefox'"]}